<?xml version="1.0" encoding="UTF-8"?>
<!-- Generated by org.testng.reporters.JUnitReportReporter -->
<testsuite hostname="LAPTOP-MAB5PI77" failures="0" tests="1" name="Testing.Test1" time="0.049" errors="0" timestamp="2021-11-10T17:05:51 IST" skipped="0">
  <testcase classname="Testing.Test1" name="method1" time="0.049"/>
  <system-out/>
</testsuite> <!-- Testing.Test1 -->
